totalSF 1.422e+06 8.684e+05 4.095e+05
 6.60  6.65 29.15 0.0000e+00 4.7377e-04 0.0000e+00  0.000 0.000 0.050  0.000 0.034 0.000 1.0000 0.0000 0.0000
 6.65  6.70 29.15 0.0000e+00 4.1952e-04 0.0000e+00  0.000 0.000 0.050  0.000 0.034 0.000 1.0000 0.0000 0.0001
 6.70  6.75 29.15 0.0000e+00 3.8254e-04 0.0000e+00  0.000 0.000 0.050  0.000 0.034 0.000 1.0000 0.0000 0.0003
 6.75  6.80 29.15 0.0000e+00 3.6992e-04 0.0000e+00  0.000 0.000 0.050  0.000 0.034 0.000 1.0000 0.0000 0.0005
 6.80  6.85 29.15 0.0000e+00 4.0821e-04 0.0000e+00  0.000 0.000 0.050  0.000 0.034 0.000 1.0000 0.0000 0.0007
 6.85  6.90 29.15 0.0000e+00 4.0824e-04 0.0000e+00  0.000 0.000 0.050  0.000 0.034 0.000 1.0000 0.0000 0.0009
 6.90  6.95 29.15 0.0000e+00 3.4953e-04 0.0000e+00  0.000 0.000 0.050  0.000 0.034 0.000 1.0000 0.0000 0.0012
 6.95  7.00 29.15 0.0000e+00 3.3673e-04 0.0000e+00  0.000 0.000 0.050  0.000 0.034 0.000 1.0000 0.0000 0.0014
 7.00  7.05 29.15 0.0000e+00 3.2906e-04 0.0000e+00  0.000 0.000 0.050  0.000 0.034 0.000 1.0000 0.0000 0.0017
 7.05  7.10 29.15 0.0000e+00 3.3812e-04 0.0000e+00  0.000 0.000 0.050  0.000 0.034 0.000 1.0000 0.0000 0.0020
 7.10  7.15 29.15 0.0000e+00 3.5597e-04 0.0000e+00  0.000 0.000 0.050  0.000 0.034 0.000 1.0000 0.0000 0.0023
 7.15  7.20 29.15 2.7282e-03 1.1892e-03 1.0421e-03  0.013 0.000 0.051  0.073 0.035 0.000 1.0000 0.0000 0.0027
 7.20  7.25 29.15 0.0000e+00 5.5165e-04 0.0000e+00  0.000 0.001 0.124  0.000 0.060 0.000 0.9967 0.0031 0.0052
 7.25  7.30 29.15 0.0000e+00 3.6111e-04 0.0000e+00  0.000 0.001 0.050  0.000 0.034 0.000 0.9967 0.0033 0.0062
 7.30  7.35 29.15 0.0000e+00 3.0723e-04 0.0000e+00  0.000 0.001 0.050  0.000 0.034 0.000 0.9967 0.0033 0.0069
 7.35  7.40 29.15 0.0000e+00 3.0489e-04 0.0000e+00  0.000 0.000 0.050  0.000 0.034 0.000 0.9967 0.0032 0.0076
 7.40  7.45 29.15 0.0000e+00 3.3684e-04 0.0000e+00  0.000 0.000 0.050  0.000 0.034 0.000 0.9967 0.0032 0.0081
 7.45  7.50 29.15 6.6216e-04 4.6962e-04 2.9781e-04  0.013 0.000 0.050  0.073 0.034 0.000 0.9967 0.0032 0.0089
 7.50  7.55 29.15 0.0000e+00 3.9049e-04 0.0000e+00  0.000 0.000 0.052  0.000 0.035 0.000 0.9951 0.0047 0.0102
 7.55  7.60 29.15 0.0000e+00 3.8674e-04 0.0000e+00  0.000 0.001 0.050  0.000 0.034 0.000 0.9951 0.0048 0.0116
 7.60  7.65 29.15 0.0000e+00 2.7985e-04 0.0000e+00  0.000 0.001 0.050  0.000 0.034 0.000 0.9951 0.0047 0.0130
 7.65  7.70 29.15 0.0000e+00 2.1157e-04 0.0000e+00  0.000 0.001 0.050  0.000 0.034 0.000 0.9951 0.0047 0.0141
 7.70  7.75 29.15 0.0000e+00 1.7495e-04 0.0000e+00  0.000 0.001 0.050  0.000 0.034 0.000 0.9951 0.0047 0.0150
 7.75  7.80 29.15 0.0000e+00 1.4808e-04 0.0000e+00  0.000 0.002 0.049  0.000 0.034 0.000 0.9951 0.0047 0.0157
 7.80  7.85 29.15 0.0000e+00 1.7133e-04 0.0000e+00  0.000 0.001 0.050  0.000 0.034 0.000 0.9951 0.0048 0.0166
 7.85  7.90 29.15 1.4736e-04 1.4950e-04 1.0454e-04  0.012 0.002 0.049  0.074 0.033 0.001 0.9951 0.0044 0.0180
 7.90  7.95 29.15 0.0000e+00 1.4741e-04 0.0000e+00  0.000 0.001 0.050  0.000 0.034 0.000 0.9942 0.0056 0.0188
 7.95  8.00 29.15 0.0000e+00 1.2812e-04 0.0000e+00  0.000 0.002 0.050  0.000 0.034 0.000 0.9942 0.0056 0.0198
 8.00  8.30 29.15 2.8595e-05 2.9153e-05 1.9328e-05  0.011 0.002 0.051  0.075 0.032 0.003 0.9942 0.0056 0.0210
 8.30  8.60 29.15 0.0000e+00 6.2621e-05 0.0000e+00  0.000 0.003 0.051  0.000 0.033 0.000 0.9922 0.0070 0.0241
 8.60  9.00 29.15 0.0000e+00 2.8234e-05 0.0000e+00  0.000 0.008 0.049  0.000 0.030 0.000 0.9922 0.0076 0.0314
 9.00  9.50 29.15 6.1895e-05 4.0833e-05 3.6428e-05 -0.022 0.025 0.057  0.100 0.030 0.016 0.9922 0.0076 0.0434
 9.50 10.00 29.15 0.0000e+00 1.5428e-04 0.0000e+00  0.000 0.065 0.081  0.000 0.027 0.000 0.8980 0.1009 0.1449
10.00 10.15 29.15 3.0946e-04 4.5944e-04 1.2193e-04 -0.327 0.122 0.178  0.158 0.018 0.041 0.8980 0.0862 0.7465
